# JRE version: OpenJDK Runtime Environment AdoptOpenJDK (11.0.10+9) (build 11.0.10+9)
# Java VM: OpenJDK 64-Bit Server VM AdoptOpenJDK (11.0.10+9, mixed mode, tiered, compressed oops, g1 gc, windows-amd64)
Heap:
 garbage-first heap   total 450560K, used 297534K [0x0000000082e00000, 0x0000000100000000)
  region size 1024K, 105 young (107520K), 0 survivors (0K)
 Metaspace       used 73511K, capacity 77753K, committed 78716K, reserved 1118208K
  class space    used 8604K, capacity 10271K, committed 10620K, reserved 1048576K
GC Heap History (20 events):
Event: 8254.754 GC heap before
{Heap before GC invocations=842 (full 683):
 garbage-first heap   total 450560K, used 215638K [0x0000000082e00000, 0x0000000100000000)
  region size 1024K, 23 young (23552K), 11 survivors (11264K)
 Metaspace       used 73486K, capacity 77733K, committed 78716K, reserved 1118208K
  class space    used 8603K, capacity 10267K, committed 10620K, reserved 1048576K
}
Event: 8254.958 GC heap after
{Heap after GC invocations=843 (full 684):
 garbage-first heap   total 450560K, used 191340K [0x0000000082e00000, 0x0000000100000000)
  region size 1024K, 0 young (0K), 0 survivors (0K)
 Metaspace       used 73380K, capacity 77561K, committed 78716K, reserved 1118208K
  class space    used 8586K, capacity 10227K, committed 10620K, reserved 1048576K
}
Event: 8256.010 GC heap before
{Heap before GC invocations=843 (full 684):
 garbage-first heap   total 450560K, used 227180K [0x0000000082e00000, 0x0000000100000000)
  region size 1024K, 36 young (36864K), 0 survivors (0K)
 Metaspace       used 73486K, capacity 77733K, committed 78716K, reserved 1118208K
  class space    used 8603K, capacity 10267K, committed 10620K, reserved 1048576K
}
Event: 8256.201 GC heap after
{Heap after GC invocations=844 (full 685):
 garbage-first heap   total 450560K, used 192074K [0x0000000082e00000, 0x0000000100000000)
  region size 1024K, 0 young (0K), 0 survivors (0K)
 Metaspace       used 73380K, capacity 77561K, committed 78716K, reserved 1118208K
  class space    used 8586K, capacity 10227K, committed 10620K, reserved 1048576K
}
Event: 8263.013 GC heap before
{Heap before GC invocations=844 (full 685):
 garbage-first heap   total 450560K, used 371274K [0x0000000082e00000, 0x0000000100000000)
  region size 1024K, 175 young (179200K), 0 survivors (0K)
 Metaspace       used 73431K, capacity 77633K, committed 78716K, reserved 1118208K
  class space    used 8590K, capacity 10231K, committed 10620K, reserved 1048576K
}
Event: 8263.023 GC heap after
{Heap after GC invocations=845 (full 685):
 garbage-first heap   total 450560K, used 203338K [0x0000000082e00000, 0x0000000100000000)
  region size 1024K, 11 young (11264K), 11 survivors (11264K)
 Metaspace       used 73431K, capacity 77633K, committed 78716K, reserved 1118208K
  class space    used 8590K, capacity 10231K, committed 10620K, reserved 1048576K
}
Event: 8263.101 GC heap before
{Heap before GC invocations=845 (full 685):
 garbage-first heap   total 450560K, used 212554K [0x0000000082e00000, 0x0000000100000000)
  region size 1024K, 21 young (21504K), 11 survivors (11264K)
 Metaspace       used 73506K, capacity 77753K, committed 78716K, reserved 1118208K
  class space    used 8604K, capacity 10271K, committed 10620K, reserved 1048576K
}
Event: 8263.298 GC heap after
{Heap after GC invocations=846 (full 686):
 garbage-first heap   total 450560K, used 191497K [0x0000000082e00000, 0x0000000100000000)
  region size 1024K, 0 young (0K), 0 survivors (0K)
 Metaspace       used 73400K, capacity 77581K, committed 78716K, reserved 1118208K
  class space    used 8587K, capacity 10231K, committed 10620K, reserved 1048576K
}
Event: 8263.513 GC heap before
{Heap before GC invocations=846 (full 686):
 garbage-first heap   total 450560K, used 216073K [0x0000000082e00000, 0x0000000100000000)
  region size 1024K, 25 young (25600K), 0 survivors (0K)
 Metaspace       used 73440K, capacity 77645K, committed 78716K, reserved 1118208K
  class space    used 8592K, capacity 10231K, committed 10620K, reserved 1048576K
}
Event: 8263.738 GC heap after
{Heap after GC invocations=847 (full 687):
 garbage-first heap   total 450560K, used 191604K [0x0000000082e00000, 0x0000000100000000)
  region size 1024K, 0 young (0K), 0 survivors (0K)
 Metaspace       used 73395K, capacity 77573K, committed 78716K, reserved 1118208K
  class space    used 8590K, capacity 10227K, committed 10620K, reserved 1048576K
}
Event: 8297.923 GC heap before
{Heap before GC invocations=847 (full 687):
 garbage-first heap   total 450560K, used 285812K [0x0000000082e00000, 0x0000000100000000)
  region size 1024K, 93 young (95232K), 0 survivors (0K)
 Metaspace       used 73515K, capacity 77757K, committed 78716K, reserved 1118208K
  class space    used 8609K, capacity 10267K, committed 10620K, reserved 1048576K
}
Event: 8298.138 GC heap after
{Heap after GC invocations=848 (full 688):
 garbage-first heap   total 450560K, used 192220K [0x0000000082e00000, 0x0000000100000000)
  region size 1024K, 0 young (0K), 0 survivors (0K)
 Metaspace       used 73400K, capacity 77573K, committed 78716K, reserved 1118208K
  class space    used 8590K, capacity 10227K, committed 10620K, reserved 1048576K
}
Event: 8330.666 GC heap before
{Heap before GC invocations=848 (full 688):
 garbage-first heap   total 450560K, used 315100K [0x0000000082e00000, 0x0000000100000000)
  region size 1024K, 122 young (124928K), 0 survivors (0K)
 Metaspace       used 73527K, capacity 77765K, committed 78716K, reserved 1118208K
  class space    used 8607K, capacity 10271K, committed 10620K, reserved 1048576K
}
Event: 8330.925 GC heap after
{Heap after GC invocations=849 (full 689):
 garbage-first heap   total 450560K, used 194038K [0x0000000082e00000, 0x0000000100000000)
  region size 1024K, 0 young (0K), 0 survivors (0K)
 Metaspace       used 73405K, capacity 77581K, committed 78716K, reserved 1118208K
  class space    used 8587K, capacity 10231K, committed 10620K, reserved 1048576K
}
Event: 8331.181 GC heap before
{Heap before GC invocations=849 (full 689):
 garbage-first heap   total 450560K, used 218614K [0x0000000082e00000, 0x0000000100000000)
  region size 1024K, 25 young (25600K), 0 survivors (0K)
 Metaspace       used 73445K, capacity 77645K, committed 78716K, reserved 1118208K
  class space    used 8592K, capacity 10231K, committed 10620K, reserved 1048576K
}
Event: 8331.410 GC heap after
{Heap after GC invocations=850 (full 690):
 garbage-first heap   total 450560K, used 191942K [0x0000000082e00000, 0x0000000100000000)
  region size 1024K, 0 young (0K), 0 survivors (0K)
 Metaspace       used 73401K, capacity 77573K, committed 78716K, reserved 1118208K
  class space    used 8590K, capacity 10227K, committed 10620K, reserved 1048576K
}
Event: 8386.506 GC heap before
{Heap before GC invocations=850 (full 690):
 garbage-first heap   total 450560K, used 370118K [0x0000000082e00000, 0x0000000100000000)
  region size 1024K, 174 young (178176K), 0 survivors (0K)
 Metaspace       used 73445K, capacity 77645K, committed 78716K, reserved 1118208K
  class space    used 8592K, capacity 10231K, committed 10620K, reserved 1048576K
}
Event: 8386.536 GC heap after
{Heap after GC invocations=851 (full 690):
 garbage-first heap   total 450560K, used 207227K [0x0000000082e00000, 0x0000000100000000)
  region size 1024K, 15 young (15360K), 15 survivors (15360K)
 Metaspace       used 73445K, capacity 77645K, committed 78716K, reserved 1118208K
  class space    used 8592K, capacity 10231K, committed 10620K, reserved 1048576K
}
Event: 8386.632 GC heap before
{Heap before GC invocations=851 (full 690):
 garbage-first heap   total 450560K, used 217467K [0x0000000082e00000, 0x0000000100000000)
  region size 1024K, 26 young (26624K), 15 survivors (15360K)
 Metaspace       used 73500K, capacity 77745K, committed 78716K, reserved 1118208K
  class space    used 8605K, capacity 10267K, committed 10620K, reserved 1048576K
}
Event: 8386.904 GC heap after
{Heap after GC invocations=852 (full 691):
 garbage-first heap   total 450560K, used 192062K [0x0000000082e00000, 0x0000000100000000)
  region size 1024K, 0 young (0K), 0 survivors (0K)
 Metaspace       used 73386K, capacity 77561K, committed 78716K, reserved 1118208K
  class space    used 8586K, capacity 10227K, committed 10620K, reserved 1048576K
}

